#
# There is insufficient memory for the Java Runtime Environment to continue.
# Native memory allocation (malloc) failed to allocate 1048576 bytes. Error detail: AllocateHeap
# Possible reasons:
#   The system is out of physical RAM or swap space
#   This process is running with CompressedOops enabled, and the Java Heap may be blocking the growth of the native heap
# Possible solutions:
#   Reduce memory load on the system
#   Increase physical memory or swap space
#   Check if swap backing store is full
#   Decrease Java heap size (-Xmx/-Xms)
#   Decrease number of Java threads
#   Decrease Java thread stack sizes (-Xss)
#   Set larger code cache with -XX:ReservedCodeCacheSize=
#   JVM is running with Unscaled Compressed Oops mode in which the Java heap is
#     placed in the first 4GB address space. The Java Heap base address is the
#     maximum limit for the native heap growth. Please use -XX:HeapBaseMinAddress
#     to set the Java Heap base and to place the Java Heap above 4GB virtual address.
# This output file may be truncated or incomplete.
#
#  Out of Memory Error (allocation.cpp:44), pid=10020, tid=13392
#
# JRE version:  (23.0.1+11) (build )
# Java VM: Java HotSpot(TM) 64-Bit Server VM (23.0.1+11-39, mixed mode, sharing, tiered, compressed oops, compressed class ptrs, g1 gc, windows-amd64)
# No core dump will be written. Minidumps are not enabled by default on client versions of Windows
#

---------------  S U M M A R Y ------------

Command Line: -Dfile.encoding=UTF-8 --module-path=C:\Users\asus\Documents\NetBeansProjects\Aplikasikeuanganpribadi\build\classes Aplikasikeuanganpribadi

Host: Intel(R) Core(TM) i5-10300H CPU @ 2.50GHz, 8 cores, 7G,  Windows 11 , 64 bit Build 22621 (10.0.22621.4391)
Time: Sat Nov 23 13:51:30 2024 Malay Peninsula Standard Time elapsed time: 0.009371 seconds (0d 0h 0m 0s)

---------------  T H R E A D  ---------------

Current thread (0x000001ead479d6d0):  JavaThread "Unknown thread" [_thread_in_vm, id=13392, stack(0x000000e7cf300000,0x000000e7cf400000) (1024K)]

Stack: [0x000000e7cf300000,0x000000e7cf400000]
Native frames: (J=compiled Java code, j=interpreted, Vv=VM code, C=native code)
V  [jvm.dll+0x6e08b9]  (no source info available)
V  [jvm.dll+0x87dc83]  (no source info available)
V  [jvm.dll+0x88010e]  (no source info available)
V  [jvm.dll+0x8807e3]  (no source info available)
V  [jvm.dll+0x27aee6]  (no source info available)
V  [jvm.dll+0xb6a17]  (no source info available)
V  [jvm.dll+0x331585]  (no source info available)
V  [jvm.dll+0x329641]  (no source info available)
V  [jvm.dll+0x844355]  (no source info available)
V  [jvm.dll+0x3b9848]  (no source info available)
V  [jvm.dll+0x82d14c]  (no source info available)
V  [jvm.dll+0x454d4e]  (no source info available)
V  [jvm.dll+0x456bd1]  (no source info available)
C  [jli.dll+0x52a3]  (no source info available)
C  [ucrtbase.dll+0x29333]  (no source info available)
C  [KERNEL32.DLL+0x1259d]  (no source info available)
C  [ntdll.dll+0x5af38]  (no source info available)

Lock stack of current Java thread (top to bottom):


---------------  P R O C E S S  ---------------

Threads class SMR info:
_java_thread_list=0x00007ff863f43618, length=0, elements={
}

Java Threads: ( => current thread )
Total: 0

Other Threads:
  0x000001ead6a3ec40 WorkerThread "GC Thread#0"                     [id=16756, stack(0x000000e7cf400000,0x000000e7cf500000) (1024K)]

[error occurred during error reporting (printing all threads), id 0xc0000005, EXCEPTION_ACCESS_VIOLATION (0xc0000005) at pc=0x00007ff863686830]
VM state: not at safepoint (not fully initialized)

VM Mutex/Monitor currently owned by a thread:  ([mutex/lock_event])
[0x00007ff863fc3a10] Heap_lock - owner thread: 0x000001ead479d6d0

Heap address: 0x0000000082800000, size: 2008 MB, Compressed Oops mode: 32-bit

CDS archive(s) mapped at: [0x0000000000000000-0x0000000000000000-0x0000000000000000), size 0, SharedBaseAddress: 0x0000000800000000, ArchiveRelocationMode: 1.
Narrow klass base: 0x0000000000000000, Narrow klass shift: 0, Narrow klass range: 0x0

GC Precious Log:
 CardTable entry size: 512
 Card Set container configuration: InlinePtr #cards 5 size 8 Array Of Cards #cards 10 size 36 Howl #buckets 4 coarsen threshold 1843 Howl Bitmap #cards 512 size 80 coarsen threshold 460 Card regions per heap region 1 cards per card region 2048

Heap:
 garbage-first heap   total reserved 2056192K, committed 0K, used 0K [0x0000000082800000, 0x0000000100000000)
  region size 1024K, 0 young (0K), 0 survivors (0K)

[error occurred during error reporting (printing heap information), id 0xc0000005, EXCEPTION_ACCESS_VIOLATION (0xc0000005) at pc=0x00007ff863a8c3c9]
GC Heap History (0 events):
No events

Dll operation events (1 events):
Event: 0.006 Loaded shared library C:\Program Files\Java\jdk-23\bin\java.dll

Deoptimization events (0 events):
No events

Classes loaded (0 events):
No events

Classes unloaded (0 events):
No events

Classes redefined (0 events):
No events

Internal exceptions (0 events):
No events

VM Operations (0 events):
No events

Memory protections (0 events):
No events

Nmethod flushes (0 events):
No events

Events (0 events):
No events


Dynamic libraries:
0x00007ff626870000 - 0x00007ff626880000 	C:\Program Files\Java\jdk-23\bin\java.exe
0x00007ff9004d0000 - 0x00007ff9006e7000 	C:\WINDOWS\SYSTEM32\ntdll.dll
0x00007ff8ff2a0000 - 0x00007ff8ff364000 	C:\WINDOWS\System32\KERNEL32.DLL
0x00007ff8fd920000 - 0x00007ff8fdcd9000 	C:\WINDOWS\System32\KERNELBASE.dll
0x00007ff8fe030000 - 0x00007ff8fe141000 	C:\WINDOWS\System32\ucrtbase.dll
0x00007ff8f1570000 - 0x00007ff8f1587000 	C:\Program Files\Java\jdk-23\bin\jli.dll
0x00007ff8b79d0000 - 0x00007ff8b79eb000 	C:\Program Files\Java\jdk-23\bin\VCRUNTIME140.dll
0x00007ff9002e0000 - 0x00007ff90048e000 	C:\WINDOWS\System32\USER32.dll
0x00007ff8fe000000 - 0x00007ff8fe026000 	C:\WINDOWS\System32\win32u.dll
0x00007ff8e7550000 - 0x00007ff8e77e2000 	C:\WINDOWS\WinSxS\amd64_microsoft.windows.common-controls_6595b64144ccf1df_6.0.22621.4391_none_2715d37f73803e96\COMCTL32.dll
0x00007ff9000a0000 - 0x00007ff9000c9000 	C:\WINDOWS\System32\GDI32.dll
0x00007ff8ffc80000 - 0x00007ff8ffd27000 	C:\WINDOWS\System32\msvcrt.dll
0x00007ff8fd7d0000 - 0x00007ff8fd8eb000 	C:\WINDOWS\System32\gdi32full.dll
0x00007ff8fe150000 - 0x00007ff8fe1ea000 	C:\WINDOWS\System32\msvcp_win.dll
0x00007ff8fe9f0000 - 0x00007ff8fea21000 	C:\WINDOWS\System32\IMM32.DLL
0x00007ff8e2bb0000 - 0x00007ff8e2bbc000 	C:\Program Files\Java\jdk-23\bin\vcruntime140_1.dll
0x00007ff87ea90000 - 0x00007ff87eb1e000 	C:\Program Files\Java\jdk-23\bin\msvcp140.dll
0x00007ff863350000 - 0x00007ff86409f000 	C:\Program Files\Java\jdk-23\bin\server\jvm.dll
0x00007ff8fea90000 - 0x00007ff8feb42000 	C:\WINDOWS\System32\ADVAPI32.dll
0x00007ff8fe200000 - 0x00007ff8fe2a7000 	C:\WINDOWS\System32\sechost.dll
0x00007ff8fd8f0000 - 0x00007ff8fd918000 	C:\WINDOWS\System32\bcrypt.dll
0x00007ff8fe8d0000 - 0x00007ff8fe9e4000 	C:\WINDOWS\System32\RPCRT4.dll
0x00007ff8fe850000 - 0x00007ff8fe8c1000 	C:\WINDOWS\System32\WS2_32.dll
0x00007ff8fc660000 - 0x00007ff8fc6ad000 	C:\WINDOWS\SYSTEM32\POWRPROF.dll
0x00007ff8f7480000 - 0x00007ff8f74b4000 	C:\WINDOWS\SYSTEM32\WINMM.dll
0x00007ff8f8d20000 - 0x00007ff8f8d2a000 	C:\WINDOWS\SYSTEM32\VERSION.dll
0x00007ff8fc640000 - 0x00007ff8fc653000 	C:\WINDOWS\SYSTEM32\UMPDC.dll
0x00007ff8fc900000 - 0x00007ff8fc918000 	C:\WINDOWS\SYSTEM32\kernel.appcore.dll
0x00007ff8e29d0000 - 0x00007ff8e29da000 	C:\Program Files\Java\jdk-23\bin\jimage.dll
0x00007ff8fb110000 - 0x00007ff8fb342000 	C:\WINDOWS\SYSTEM32\DBGHELP.DLL
0x00007ff8fe2b0000 - 0x00007ff8fe63f000 	C:\WINDOWS\System32\combase.dll
0x00007ff8ff110000 - 0x00007ff8ff1e7000 	C:\WINDOWS\System32\OLEAUT32.dll
0x00007ff8cf8d0000 - 0x00007ff8cf902000 	C:\WINDOWS\SYSTEM32\dbgcore.DLL
0x00007ff8fdce0000 - 0x00007ff8fdd5b000 	C:\WINDOWS\System32\bcryptPrimitives.dll
0x00007ff8acdb0000 - 0x00007ff8acdce000 	C:\Program Files\Java\jdk-23\bin\java.dll
0x00007ff8fe6a0000 - 0x00007ff8fe845000 	C:\WINDOWS\System32\ole32.dll
0x00007ff8ff400000 - 0x00007ff8ffc76000 	C:\WINDOWS\System32\SHELL32.dll

dbghelp: loaded successfully - version: 4.0.5 - missing functions: none
symbol engine: initialized successfully - sym options: 0x614 - pdb path: .;C:\Program Files\Java\jdk-23\bin;C:\WINDOWS\SYSTEM32;C:\WINDOWS\WinSxS\amd64_microsoft.windows.common-controls_6595b64144ccf1df_6.0.22621.4391_none_2715d37f73803e96;C:\Program Files\Java\jdk-23\bin\server

VM Arguments:
jvm_args: -Dfile.encoding=UTF-8 --module-path=C:\Users\asus\Documents\NetBeansProjects\Aplikasikeuanganpribadi\build\classes 
java_command: Aplikasikeuanganpribadi
java_class_path (initial): D:\~Kuliah~\Semester 5\PBO II\sqlite-jdbc-3.47.0.0.jar;D:\~Kuliah~\Semester 5\PBO II\jcalendar\lib\jcalendar-1.4.jar;C:\Users\asus\Documents\NetBeansProjects\Aplikasikeuanganpribadi\build\classes
Launcher Type: SUN_STANDARD

[Global flags]
     intx CICompilerCount                          = 4                                         {product} {ergonomic}
     uint ConcGCThreads                            = 2                                         {product} {ergonomic}
     uint G1ConcRefinementThreads                  = 8                                         {product} {ergonomic}
   size_t G1HeapRegionSize                         = 1048576                                   {product} {ergonomic}
   size_t InitialHeapSize                          = 132120576                                 {product} {ergonomic}
   size_t MarkStackSize                            = 4194304                                   {product} {ergonomic}
   size_t MarkStackSizeMax                         = 536870912                                 {product} {ergonomic}
   size_t MaxHeapSize                              = 2105540608                                {product} {ergonomic}
   size_t MinHeapDeltaBytes                        = 1048576                                   {product} {ergonomic}
   size_t MinHeapSize                              = 8388608                                   {product} {ergonomic}
    uintx NonNMethodCodeHeapSize                   = 5832704                                {pd product} {ergonomic}
    uintx NonProfiledCodeHeapSize                  = 122945536                              {pd product} {ergonomic}
    uintx ProfiledCodeHeapSize                     = 122880000                              {pd product} {ergonomic}
    uintx ReservedCodeCacheSize                    = 251658240                              {pd product} {ergonomic}
     bool SegmentedCodeCache                       = true                                      {product} {ergonomic}
   size_t SoftMaxHeapSize                          = 2105540608                             {manageable} {ergonomic}
     bool UseCompressedOops                        = true                           {product lp64_product} {ergonomic}
     bool UseG1GC                                  = true                                      {product} {ergonomic}
     bool UseLargePagesIndividualAllocation        = false                                  {pd product} {ergonomic}

Logging:
Log output configuration:
 #0: stdout all=warning uptime,level,tags foldmultilines=false
 #1: stderr all=off uptime,level,tags foldmultilines=false

Environment Variables:
JAVA_HOME=C:\Program Files\Java\jdk-23
PATH=C:\Program Files (x86)\Common Files\Oracle\Java\javapath;C:\Program Files\Common Files\Oracle\Java\javapath;C:\Windows\system32;C:\Windows;C:\Windows\System32\Wbem;C:\Windows\System32\WindowsPowerShell\v1.0\;C:\Windows\System32\OpenSSH\;C:\Program Files (x86)\NVIDIA Corporation\PhysX\Common;C:\Program Files\NVIDIA Corporation\NVIDIA NvDLISR;C:\WINDOWS\system32;C:\WINDOWS;C:\WINDOWS\System32\Wbem;C:\WINDOWS\System32\WindowsPowerShell\v1.0\;C:\WINDOWS\System32\OpenSSH\;C:\Program Files (x86)\HP\Common\HPDestPlgIn\;C:\Program Files (x86)\Borland\Delphi7\Bin;C:\Program Files (x86)\Borland\Delphi7\Projects\Bpl;C:\Program Files\Git\cmd;C:\Users\asus\AppData\Local\Programs\Python;C:\Users\asus\AppData\Local\Programs\Python\Python310\Scripts;C:\Users\asus\AppData\Local\Programs\Python\Python310\Scripts\;C:\Users\asus\AppData\Local\Programs\Python\Python310\;C:\Users\asus\AppData\Local\Microsoft\WindowsApps;C:\Program Files (x86)\HP\Common\HPDestPlgIn\;C:\Users\asus\AppData\Local\Programs\Microsoft VS Code\bin
USERNAME=Disporapar HST
OS=Windows_NT
PROCESSOR_IDENTIFIER=Intel64 Family 6 Model 165 Stepping 2, GenuineIntel
TMP=C:\Users\asus\AppData\Local\Temp
TEMP=C:\Users\asus\AppData\Local\Temp




Periodic native trim disabled

---------------  S Y S T E M  ---------------

OS:
 Windows 11 , 64 bit Build 22621 (10.0.22621.4391)
OS uptime: 0 days 22:08 hours

CPU: total 8 (initial active 8) (4 cores per cpu, 2 threads per core) family 6 model 165 stepping 2 microcode 0xe0, cx8, cmov, fxsr, ht, mmx, 3dnowpref, sse, sse2, sse3, ssse3, sse4.1, sse4.2, popcnt, lzcnt, tsc, tscinvbit, avx, avx2, aes, erms, clmul, bmi1, bmi2, adx, fma, vzeroupper, clflush, clflushopt, rdtscp, f16c, pku
Processor Information for the first 8 processors :
  Max Mhz: 2496, Current Mhz: 2496, Mhz Limit: 2496

Memory: 4k page, system-wide physical 8029M (297M free)
TotalPageFile size 32605M (AvailPageFile size 5M)
current process WorkingSet (physical memory assigned to process): 12M, peak: 12M
current process commit charge ("private bytes"): 55M, peak: 56M

vm_info: Java HotSpot(TM) 64-Bit Server VM (23.0.1+11-39) for windows-amd64 JRE (23.0.1+11-39), built on 2024-09-30T07:20:43Z with MS VC++ 17.6 (VS2022)

END.
